Building DAG of jobs...
Using shell: /usr/bin/bash
Provided cores: 1 (use --cores to define parallelism)
Rules claiming more threads will be scaled down.
Job stats:
job          count    min threads    max threads
---------  -------  -------------  -------------
aggregate        3              1              1
all              1              1              1
somestep         3              1              1
total            7              1              1

Select jobs to execute...

[Sun Feb 13 02:53:27 2022]
checkpoint somestep:
    input: samples/c.txt
    output: somestep/c.txt
    jobid: 6
    wildcards: sample=c
    resources: tmpdir=/tmp
Downstream jobs will be updated after completion.


        # echo c > somestep/c.txt" # equivalent below
        echo c > somestep/c.txt
        
[Sun Feb 13 02:53:28 2022]
Finished job 6.
1 of 7 steps (14%) done
Updating job aggregate.
Select jobs to execute...

[Sun Feb 13 02:53:28 2022]
rule alt_intermediate:
    input: somestep/c.txt
    output: alt/c.txt
    jobid: 8
    wildcards: sample=c
    resources: tmpdir=/tmp

touch alt/c.txt
[Sun Feb 13 02:53:28 2022]
Finished job 8.
2 of 8 steps (25%) done
Select jobs to execute...

[Sun Feb 13 02:53:28 2022]
checkpoint somestep:
    input: samples/a.txt
    output: somestep/a.txt
    jobid: 2
    wildcards: sample=a
    resources: tmpdir=/tmp
Downstream jobs will be updated after completion.


        # echo a > somestep/a.txt" # equivalent below
        echo a > somestep/a.txt
        
[Sun Feb 13 02:53:28 2022]
Finished job 2.
3 of 8 steps (38%) done
Updating job aggregate.
Select jobs to execute...

[Sun Feb 13 02:53:28 2022]
checkpoint somestep:
    input: samples/b.txt
    output: somestep/b.txt
    jobid: 4
    wildcards: sample=b
    resources: tmpdir=/tmp
Downstream jobs will be updated after completion.


        # echo b > somestep/b.txt" # equivalent below
        echo b > somestep/b.txt
        
[Sun Feb 13 02:53:28 2022]
Finished job 4.
4 of 9 steps (44%) done
Updating job aggregate.
Select jobs to execute...

[Sun Feb 13 02:53:28 2022]
rule intermediate:
    input: somestep/a.txt
    output: post/a.txt
    jobid: 10
    wildcards: sample=a
    resources: tmpdir=/tmp

touch post/a.txt
[Sun Feb 13 02:53:28 2022]
Finished job 10.
5 of 10 steps (50%) done
Select jobs to execute...

[Sun Feb 13 02:53:28 2022]
rule aggregate:
    input: post/a.txt
    output: aggregated/a.txt
    jobid: 1
    wildcards: sample=a
    resources: tmpdir=/tmp

touch aggregated/a.txt
[Sun Feb 13 02:53:28 2022]
Finished job 1.
6 of 10 steps (60%) done
Select jobs to execute...

[Sun Feb 13 02:53:28 2022]
rule aggregate:
    input: alt/c.txt
    output: aggregated/c.txt
    jobid: 5
    wildcards: sample=c
    resources: tmpdir=/tmp

touch aggregated/c.txt
[Sun Feb 13 02:53:28 2022]
Finished job 5.
7 of 10 steps (70%) done
Select jobs to execute...

[Sun Feb 13 02:53:28 2022]
rule alt_intermediate:
    input: somestep/b.txt
    output: alt/b.txt
    jobid: 12
    wildcards: sample=b
    resources: tmpdir=/tmp

touch alt/b.txt
[Sun Feb 13 02:53:28 2022]
Finished job 12.
8 of 10 steps (80%) done
Select jobs to execute...

[Sun Feb 13 02:53:28 2022]
rule aggregate:
    input: alt/b.txt
    output: aggregated/b.txt
    jobid: 3
    wildcards: sample=b
    resources: tmpdir=/tmp

touch aggregated/b.txt
[Sun Feb 13 02:53:28 2022]
Finished job 3.
9 of 10 steps (90%) done
Select jobs to execute...

[Sun Feb 13 02:53:28 2022]
localrule all:
    input: aggregated/a.txt, aggregated/b.txt, aggregated/c.txt
    jobid: 0
    resources: tmpdir=/tmp

[Sun Feb 13 02:53:28 2022]
Finished job 0.
10 of 10 steps (100%) done
Complete log: /mnt/c/Users/giang/Documents/Work/tutorialsToKnow/snakemake/.snakemake/log/2022-02-13T025327.601475.snakemake.log
